[23Mar2026 13:15:53.476] [main/INFO] [cpw.mods.modlauncher.Launcher/MODLAUNCHER]: ModLauncher running: args [--launchTarget, forgeclientdev, --version, 21.1.220, --assetIndex, 17, --assetsDir, C:\\Users\\josia\\.gradle\\caches\\neoformruntime\\assets, --gameDir, ., --fml.fmlVersion, 4.0.42, --fml.mcVersion, 1.21.1, --fml.neoForgeVersion, 21.1.220, --fml.neoFormVersion, 20240808.144430]
[23Mar2026 13:15:53.478] [main/INFO] [cpw.mods.modlauncher.Launcher/MODLAUNCHER]: JVM identified as Oracle Corporation Java HotSpot(TM) 64-Bit Server VM 21.0.10+8-LTS-217
[23Mar2026 13:15:53.480] [main/INFO] [cpw.mods.modlauncher.Launcher/MODLAUNCHER]: ModLauncher 11.0.5+main.901c6ea8 starting: java version 21.0.10 by Oracle Corporation; OS Windows 11 arch amd64 version 10.0
[23Mar2026 13:15:53.589] [main/INFO] [net.neoforged.fml.loading.ImmediateWindowHandler/]: Loading ImmediateWindowProvider fmlearlywindow
[23Mar2026 13:15:53.679] [main/INFO] [EARLYDISPLAY/]: Trying GL version 4.6
[23Mar2026 13:15:53.793] [main/INFO] [EARLYDISPLAY/]: Requested GL version 4.6 got version 4.6
[23Mar2026 13:15:53.856] [main/INFO] [mixin/]: SpongePowered MIXIN Subsystem Version=0.8.7 Source=union:/C:/Users/josia/.gradle/caches/modules-2/files-2.1/net.fabricmc/sponge-mixin/0.15.2+mixin.0.8.7/2af2f021d8e02a0220dc27a7a72b4666d66d44ca/sponge-mixin-0.15.2+mixin.0.8.7.jar%23138!/ Service=ModLauncher Env=CLIENT
[23Mar2026 13:15:53.991] [pool-2-thread-1/INFO] [EARLYDISPLAY/]: GL info: NVIDIA GeForce RTX 3080/PCIe/SSE2 GL version 4.6.0 NVIDIA 591.74, NVIDIA Corporation
[23Mar2026 13:15:54.096] [main/INFO] [net.neoforged.fml.loading.moddiscovery.locators.JarInJarDependencyLocator/]: Found 2 dependencies adding them to mods collection
[23Mar2026 13:15:54.096] [main/INFO] [net.neoforged.fml.loading.moddiscovery.ModDiscoverer/]: 
     Mod List:
		Name Version (Mod Id)

		Bookshelf 21.1.81 (bookshelf)
		Botany Trees Mega Addon Pack 1.0.0 (botanytreesmegaaddonpack)
		BotanyPots 21.1.41 (botanypots)
		BotanyTrees 21.1.3 (botanytrees)
		Just Enough Items 19.27.0.340 (jei)
		Minecraft 1.21.1 (minecraft)
		NeoForge 21.1.220 (neoforge)
		PrickleMC 21.1.11 (prickle)
[23Mar2026 13:15:54.651] [main/INFO] [mixin/]: Compatibility level set to JAVA_18
[23Mar2026 13:15:54.652] [main/INFO] [mixin/]: Compatibility level set to JAVA_21
[23Mar2026 13:15:54.661] [main/INFO] [cpw.mods.modlauncher.LaunchServiceHandler/MODLAUNCHER]: Launching target 'forgeclientdev' with arguments [--version, 21.1.220, --gameDir, ., --assetsDir, C:\Users\josia\.gradle\caches\neoformruntime\assets, --assetIndex, 17]
[23Mar2026 13:15:54.707] [main/WARN] [mixin/]: Reference map 'prickle.refmap.json' for prickle.mixins.json could not be read. If this is a development environment you can ignore this message
[23Mar2026 13:15:54.709] [main/WARN] [mixin/]: Reference map 'botanypots.refmap.json' for botanypots.mixins.json could not be read. If this is a development environment you can ignore this message
[23Mar2026 13:15:54.709] [main/WARN] [mixin/]: Reference map 'bookshelf.refmap.json' for bookshelf.mixins.json could not be read. If this is a development environment you can ignore this message
[23Mar2026 13:15:54.709] [main/WARN] [mixin/]: Reference map 'botanytrees.refmap.json' for botanytrees.mixins.json could not be read. If this is a development environment you can ignore this message
[23Mar2026 13:15:54.972] [main/INFO] [MixinExtras|Service/]: Initializing MixinExtras via com.llamalad7.mixinextras.service.MixinExtrasServiceImpl(version=0.5.0).
[23Mar2026 13:15:56.072] [Datafixer Bootstrap/INFO] [com.mojang.datafixers.DataFixerBuilder/]: 229 Datafixer optimizations took 250 milliseconds
[23Mar2026 13:15:59.237] [main/WARN] [net.minecraft.commands.Commands/]: Ambiguity between arguments [teleport, location] and [teleport, destination] with inputs: [0.1 -0.5 .9, 0 0 0]
[23Mar2026 13:15:59.238] [main/WARN] [net.minecraft.commands.Commands/]: Ambiguity between arguments [teleport, location] and [teleport, targets] with inputs: [0.1 -0.5 .9, 0 0 0]
[23Mar2026 13:15:59.241] [main/WARN] [net.minecraft.commands.Commands/]: Ambiguity between arguments [teleport, destination] and [teleport, targets] with inputs: [Player, 0123, @e, dd12be42-52a9-4a91-a8a1-11c01849e498]
[23Mar2026 13:15:59.242] [main/WARN] [net.minecraft.commands.Commands/]: Ambiguity between arguments [teleport, targets] and [teleport, destination] with inputs: [Player, 0123, dd12be42-52a9-4a91-a8a1-11c01849e498]
[23Mar2026 13:15:59.242] [main/WARN] [net.minecraft.commands.Commands/]: Ambiguity between arguments [teleport, targets, location] and [teleport, targets, destination] with inputs: [0.1 -0.5 .9, 0 0 0]
[23Mar2026 13:15:59.313] [Render thread/WARN] [net.minecraft.server.packs.VanillaPackResourcesBuilder/]: Assets URL 'union:/C:/Users/josia/Documents/Git%20Repos/Botany-Trees-Mega-Addon-Pack/build/moddev/artifacts/neoforge-21.1.220.jar%23189!/assets/.mcassetsroot' uses unexpected schema
[23Mar2026 13:15:59.313] [Render thread/WARN] [net.minecraft.server.packs.VanillaPackResourcesBuilder/]: Assets URL 'union:/C:/Users/josia/Documents/Git%20Repos/Botany-Trees-Mega-Addon-Pack/build/moddev/artifacts/neoforge-21.1.220.jar%23189!/data/.mcassetsroot' uses unexpected schema
[23Mar2026 13:15:59.329] [Render thread/INFO] [com.mojang.authlib.yggdrasil.YggdrasilAuthenticationService/]: Environment: Environment[sessionHost=https://sessionserver.mojang.com, servicesHost=https://api.minecraftservices.com, name=PROD]
[23Mar2026 13:15:59.332] [Render thread/INFO] [net.minecraft.client.Minecraft/]: Setting user: Dev
[23Mar2026 13:15:59.389] [Render thread/INFO] [net.minecraft.client.Minecraft/]: Backend library: LWJGL version 3.3.3+5
[23Mar2026 13:15:59.560] [modloading-worker-0/INFO] [net.neoforged.neoforge.common.NeoForgeMod/NEOFORGE-MOD]: NeoForge mod loading, version 21.1.220, for MC 1.21.1
[23Mar2026 13:15:59.617] [modloading-worker-0/INFO] [mezz.jei.library.load.PluginCaller/]: Sending ConfigManager...
[23Mar2026 13:15:59.618] [modloading-worker-0/INFO] [mezz.jei.library.load.PluginCaller/]: Sending ConfigManager took 674.8 microseconds
[23Mar2026 13:15:59.844] [modloading-sync-worker/INFO] [BotanyPots/]: Loaded 1 botany pots plugins!
[23Mar2026 13:16:00.187] [Render thread/INFO] [net.neoforged.neoforge.gametest.GameTestHooks/]: Enabled Gametest Namespaces: [botanytreesmegaaddonpack]
[23Mar2026 13:16:00.266] [Render thread/INFO] [net.minecraft.server.packs.resources.ReloadableResourceManager/]: Reloading ResourceManager: vanilla, mod_resources, mod/prickle, mod/botanypots, mod/bookshelf, mod/botanytrees, mod/botanytreesmegaaddonpack, mod/neoforge, mod/jei
[23Mar2026 13:16:00.272] [Worker-Main-1/INFO] [com.nameless.botanytreesmegaaddonpack.BotanyTreesMegaAddonPack/]: HELLO FROM COMMON SETUP
[23Mar2026 13:16:00.346] [NeoForge Version Check/INFO] [net.neoforged.fml.VersionChecker/]: [prickle] Starting version check at https://updates.blamejared.com/get?n=prickle&gv=1.21.1&ml=neoforge
[23Mar2026 13:16:00.388] [Worker-Main-21/INFO] [net.minecraft.client.gui.font.providers.UnihexProvider/]: Found unifont_all_no_pua-15.1.05.hex, loading
[23Mar2026 13:16:00.388] [Worker-Main-9/INFO] [net.minecraft.client.gui.font.providers.UnihexProvider/]: Found unifont_jp_patch-15.1.05.hex, loading
[23Mar2026 13:16:01.003] [NeoForge Version Check/INFO] [net.neoforged.fml.VersionChecker/]: [prickle] Found status: BETA Current: 21.1.11 Target: 21.1.11
[23Mar2026 13:16:01.003] [NeoForge Version Check/INFO] [net.neoforged.fml.VersionChecker/]: [botanypots] Starting version check at https://updates.blamejared.com/get?n=botanypots&gv=1.21.1&ml=neoforge
[23Mar2026 13:16:01.112] [NeoForge Version Check/INFO] [net.neoforged.fml.VersionChecker/]: [botanypots] Found status: BETA Current: 21.1.41 Target: 21.1.41
[23Mar2026 13:16:01.112] [NeoForge Version Check/INFO] [net.neoforged.fml.VersionChecker/]: [bookshelf] Starting version check at https://updates.blamejared.com/get?n=bookshelf&gv=1.21.1&ml=neoforge
[23Mar2026 13:16:01.221] [NeoForge Version Check/INFO] [net.neoforged.fml.VersionChecker/]: [bookshelf] Found status: BETA Current: 21.1.81 Target: 21.1.81
[23Mar2026 13:16:01.221] [NeoForge Version Check/INFO] [net.neoforged.fml.VersionChecker/]: [botanytrees] Starting version check at https://updates.blamejared.com/get?n=botanytrees&gv=1.21.1&ml=neoforge
[23Mar2026 13:16:01.329] [NeoForge Version Check/INFO] [net.neoforged.fml.VersionChecker/]: [botanytrees] Found status: BETA Current: 21.1.3 Target: 21.1.3
[23Mar2026 13:16:01.386] [Render thread/WARN] [net.minecraft.client.sounds.SoundEngine/]: Missing sound for event: minecraft:item.goat_horn.play
[23Mar2026 13:16:01.386] [Render thread/WARN] [net.minecraft.client.sounds.SoundEngine/]: Missing sound for event: minecraft:entity.goat.screaming.horn_break
[23Mar2026 13:16:01.428] [Render thread/INFO] [com.mojang.blaze3d.audio.Library/]: OpenAL initialized on device OpenAL Soft on Speakers (High Definition Audio Device)
[23Mar2026 13:16:01.428] [Render thread/INFO] [net.minecraft.client.sounds.SoundEngine/SOUNDS]: Sound engine started
[23Mar2026 13:16:01.502] [Render thread/INFO] [net.minecraft.client.renderer.texture.TextureAtlas/]: Created: 1024x512x4 minecraft:textures/atlas/blocks.png-atlas
[23Mar2026 13:16:01.508] [Render thread/INFO] [net.minecraft.client.renderer.texture.TextureAtlas/]: Created: 256x256x4 minecraft:textures/atlas/signs.png-atlas
[23Mar2026 13:16:01.508] [Render thread/INFO] [net.minecraft.client.renderer.texture.TextureAtlas/]: Created: 512x512x4 minecraft:textures/atlas/shield_patterns.png-atlas
[23Mar2026 13:16:01.508] [Render thread/INFO] [net.minecraft.client.renderer.texture.TextureAtlas/]: Created: 512x512x4 minecraft:textures/atlas/banner_patterns.png-atlas
[23Mar2026 13:16:01.508] [Render thread/INFO] [net.minecraft.client.renderer.texture.TextureAtlas/]: Created: 1024x1024x4 minecraft:textures/atlas/armor_trims.png-atlas
[23Mar2026 13:16:01.509] [Render thread/INFO] [net.minecraft.client.renderer.texture.TextureAtlas/]: Created: 128x64x4 minecraft:textures/atlas/decorated_pot.png-atlas
[23Mar2026 13:16:01.509] [Render thread/INFO] [net.minecraft.client.renderer.texture.TextureAtlas/]: Created: 256x256x4 minecraft:textures/atlas/chest.png-atlas
[23Mar2026 13:16:01.509] [Render thread/INFO] [net.minecraft.client.renderer.texture.TextureAtlas/]: Created: 512x256x4 minecraft:textures/atlas/shulker_boxes.png-atlas
[23Mar2026 13:16:01.509] [Render thread/INFO] [net.minecraft.client.renderer.texture.TextureAtlas/]: Created: 512x256x4 minecraft:textures/atlas/beds.png-atlas
[23Mar2026 13:16:01.621] [Render thread/INFO] [net.minecraft.client.renderer.texture.TextureAtlas/]: Created: 512x256x0 minecraft:textures/atlas/particles.png-atlas
[23Mar2026 13:16:01.622] [Render thread/INFO] [net.minecraft.client.renderer.texture.TextureAtlas/]: Created: 512x256x0 minecraft:textures/atlas/paintings.png-atlas
[23Mar2026 13:16:01.622] [Render thread/INFO] [net.minecraft.client.renderer.texture.TextureAtlas/]: Created: 256x128x0 minecraft:textures/atlas/mob_effects.png-atlas
[23Mar2026 13:16:01.622] [Render thread/INFO] [net.minecraft.client.renderer.texture.TextureAtlas/]: Created: 64x64x0 minecraft:textures/atlas/map_decorations.png-atlas
[23Mar2026 13:16:01.622] [Render thread/INFO] [net.minecraft.client.renderer.texture.TextureAtlas/]: Created: 1024x512x0 minecraft:textures/atlas/gui.png-atlas
[23Mar2026 13:16:01.644] [Render thread/WARN] [net.minecraft.client.renderer.ShaderInstance/]: Shader rendertype_entity_translucent_emissive could not find sampler named Sampler2 in the specified shader program.
[23Mar2026 13:16:01.680] [Render thread/INFO] [net.neoforged.neoforge.client.entity.animation.json.AnimationLoader/]: Loaded 0 entity animations
[23Mar2026 13:16:01.680] [Render thread/INFO] [net.minecraft.client.renderer.texture.TextureAtlas/]: Created: 256x256x0 jei:textures/atlas/gui.png-atlas
[23Mar2026 13:16:10.861] [Render thread/WARN] [net.minecraft.client.sounds.SoundEngine/]: Missing sound for event: minecraft:item.goat_horn.play
[23Mar2026 13:16:10.862] [Render thread/WARN] [net.minecraft.client.sounds.SoundEngine/]: Missing sound for event: minecraft:entity.goat.screaming.horn_break
[23Mar2026 13:16:10.904] [Render thread/INFO] [com.mojang.blaze3d.audio.Library/]: OpenAL initialized on device OpenAL Soft on Speakers (High Definition Audio Device)
[23Mar2026 13:16:10.905] [Render thread/INFO] [net.minecraft.client.sounds.SoundEngine/SOUNDS]: Sound engine started
[23Mar2026 13:16:34.168] [Render thread/INFO] [net.minecraft.server.packs.resources.ReloadableResourceManager/]: Reloading ResourceManager: vanilla, mod_resources, mod/prickle, mod/botanypots, mod/bookshelf, mod/botanytrees, mod/botanytreesmegaaddonpack, mod/neoforge, mod/jei
[23Mar2026 13:16:34.171] [Worker-Main-18/INFO] [net.minecraft.client.gui.font.providers.UnihexProvider/]: Found unifont_all_no_pua-15.1.05.hex, loading
[23Mar2026 13:16:34.172] [Worker-Main-20/INFO] [net.minecraft.client.gui.font.providers.UnihexProvider/]: Found unifont_jp_patch-15.1.05.hex, loading
[23Mar2026 13:16:34.668] [Render thread/WARN] [net.minecraft.client.sounds.SoundEngine/]: Missing sound for event: minecraft:item.goat_horn.play
[23Mar2026 13:16:34.668] [Render thread/WARN] [net.minecraft.client.sounds.SoundEngine/]: Missing sound for event: minecraft:entity.goat.screaming.horn_break
[23Mar2026 13:16:34.706] [Render thread/INFO] [com.mojang.blaze3d.audio.Library/]: OpenAL initialized on device OpenAL Soft on Speakers (High Definition Audio Device)
[23Mar2026 13:16:34.706] [Render thread/INFO] [net.minecraft.client.sounds.SoundEngine/SOUNDS]: Sound engine started
[23Mar2026 13:16:34.749] [Render thread/INFO] [net.minecraft.client.renderer.texture.TextureAtlas/]: Created: 1024x512x4 minecraft:textures/atlas/blocks.png-atlas
[23Mar2026 13:16:34.751] [Render thread/INFO] [net.minecraft.client.renderer.texture.TextureAtlas/]: Created: 256x256x4 minecraft:textures/atlas/signs.png-atlas
[23Mar2026 13:16:34.751] [Render thread/INFO] [net.minecraft.client.renderer.texture.TextureAtlas/]: Created: 512x512x4 minecraft:textures/atlas/shield_patterns.png-atlas
[23Mar2026 13:16:34.751] [Render thread/INFO] [net.minecraft.client.renderer.texture.TextureAtlas/]: Created: 512x512x4 minecraft:textures/atlas/banner_patterns.png-atlas
[23Mar2026 13:16:34.751] [Render thread/INFO] [net.minecraft.client.renderer.texture.TextureAtlas/]: Created: 1024x1024x4 minecraft:textures/atlas/armor_trims.png-atlas
[23Mar2026 13:16:34.753] [Render thread/INFO] [net.minecraft.client.renderer.texture.TextureAtlas/]: Created: 128x64x4 minecraft:textures/atlas/decorated_pot.png-atlas
[23Mar2026 13:16:34.753] [Render thread/INFO] [net.minecraft.client.renderer.texture.TextureAtlas/]: Created: 256x256x4 minecraft:textures/atlas/chest.png-atlas
[23Mar2026 13:16:34.753] [Render thread/INFO] [net.minecraft.client.renderer.texture.TextureAtlas/]: Created: 512x256x4 minecraft:textures/atlas/shulker_boxes.png-atlas
[23Mar2026 13:16:34.753] [Render thread/INFO] [net.minecraft.client.renderer.texture.TextureAtlas/]: Created: 512x256x4 minecraft:textures/atlas/beds.png-atlas
[23Mar2026 13:16:34.756] [Render thread/INFO] [net.minecraft.client.renderer.texture.TextureAtlas/]: Created: 512x256x0 minecraft:textures/atlas/particles.png-atlas
[23Mar2026 13:16:34.758] [Render thread/INFO] [net.minecraft.client.renderer.texture.TextureAtlas/]: Created: 512x256x0 minecraft:textures/atlas/paintings.png-atlas
[23Mar2026 13:16:34.758] [Render thread/INFO] [net.minecraft.client.renderer.texture.TextureAtlas/]: Created: 256x128x0 minecraft:textures/atlas/mob_effects.png-atlas
[23Mar2026 13:16:34.758] [Render thread/INFO] [net.minecraft.client.renderer.texture.TextureAtlas/]: Created: 64x64x0 minecraft:textures/atlas/map_decorations.png-atlas
[23Mar2026 13:16:34.758] [Render thread/INFO] [net.minecraft.client.renderer.texture.TextureAtlas/]: Created: 1024x512x0 minecraft:textures/atlas/gui.png-atlas
[23Mar2026 13:16:34.768] [Render thread/WARN] [net.minecraft.client.renderer.ShaderInstance/]: Shader rendertype_entity_translucent_emissive could not find sampler named Sampler2 in the specified shader program.
[23Mar2026 13:16:34.788] [Render thread/INFO] [net.neoforged.neoforge.client.entity.animation.json.AnimationLoader/]: Loaded 0 entity animations
[23Mar2026 13:16:34.788] [Render thread/INFO] [net.minecraft.client.renderer.texture.TextureAtlas/]: Created: 256x256x0 jei:textures/atlas/gui.png-atlas
[23Mar2026 13:16:45.805] [Render thread/INFO] [BotanyPots/]: Updating registry access.
[23Mar2026 13:16:45.864] [Render thread/INFO] [net.minecraft.world.item.crafting.RecipeManager/]: Loaded 1673 recipes
[23Mar2026 13:16:45.992] [Render thread/INFO] [net.minecraft.advancements.AdvancementTree/]: Loaded 1399 advancements
[23Mar2026 13:17:31.856] [Server thread/INFO] [net.minecraft.client.server.IntegratedServer/]: Starting integrated minecraft server version 1.21.1
[23Mar2026 13:17:31.856] [Server thread/INFO] [net.minecraft.server.MinecraftServer/]: Generating keypair
[23Mar2026 13:17:32.237] [Server thread/INFO] [net.minecraft.server.MinecraftServer/]: Preparing start region for dimension minecraft:overworld
[23Mar2026 13:17:32.261] [progressListener/INFO] [net.minecraft.server.level.progress.LoggerChunkProgressListener/]: Preparing spawn area: 2%
[23Mar2026 13:17:32.397] [Server thread/INFO] [net.neoforged.neoforge.server.permission.PermissionAPI/]: Successfully initialized permission handler neoforge:default_handler
[23Mar2026 13:17:32.397] [Server thread/INFO] [com.nameless.botanytreesmegaaddonpack.BotanyTreesMegaAddonPack/]: HELLO from server starting
[23Mar2026 13:17:32.405] [progressListener/INFO] [net.minecraft.server.level.progress.LoggerChunkProgressListener/]: Time elapsed: 162 ms
[23Mar2026 13:17:32.458] [Server thread/INFO] [net.minecraft.client.server.IntegratedServer/]: Changing view distance to 12, from 10
[23Mar2026 13:17:32.458] [Server thread/INFO] [net.minecraft.client.server.IntegratedServer/]: Changing simulation distance to 12, from 0
[23Mar2026 13:17:32.898] [Server thread/INFO] [net.minecraft.server.players.PlayerList/]: Dev[local:E:44c4599c] logged in with entity id 1 at (2.5, -60.0, 2.5)
[23Mar2026 13:17:32.956] [Server thread/INFO] [net.minecraft.server.MinecraftServer/]: Dev joined the game
[23Mar2026 13:17:33.169] [Render thread/INFO] [mezz.jei.core.util.LoggedTimer/]: Starting JEI...
[23Mar2026 13:17:33.180] [Render thread/INFO] [mezz.jei.library.load.PluginCaller/]: Registering item subtypes...
[23Mar2026 13:17:33.187] [Render thread/INFO] [mezz.jei.library.load.PluginCaller/]: Registering item subtypes took 8.307 milliseconds
[23Mar2026 13:17:33.188] [Render thread/INFO] [mezz.jei.library.load.PluginCaller/]: Registering fluid subtypes...
[23Mar2026 13:17:33.192] [Render thread/INFO] [mezz.jei.library.load.PluginCaller/]: Registering fluid subtypes took 3.349 milliseconds
[23Mar2026 13:17:33.197] [Render thread/INFO] [mezz.jei.library.load.PluginCaller/]: Registering ingredients...
[23Mar2026 13:17:33.307] [Render thread/INFO] [mezz.jei.library.load.PluginCallerTimerRunnable/]: Registering ingredients: jei:minecraft took 110.3 milliseconds
[23Mar2026 13:17:33.308] [Render thread/INFO] [mezz.jei.library.load.PluginCaller/]: Registering ingredients took 111.1 milliseconds
[23Mar2026 13:17:33.308] [Render thread/INFO] [mezz.jei.library.load.PluginCaller/]: Registering extra ingredients...
[23Mar2026 13:17:33.309] [Render thread/INFO] [mezz.jei.library.load.PluginCaller/]: Registering extra ingredients took 435.8 microseconds
[23Mar2026 13:17:33.310] [Render thread/INFO] [mezz.jei.library.load.PluginCaller/]: Registering search ingredient aliases...
[23Mar2026 13:17:33.310] [Render thread/INFO] [mezz.jei.library.load.PluginCaller/]: Registering search ingredient aliases took 533.3 microseconds
[23Mar2026 13:17:33.344] [Render thread/INFO] [mezz.jei.library.load.PluginCaller/]: Registering Mod Info...
[23Mar2026 13:17:33.344] [Render thread/INFO] [mezz.jei.library.load.PluginCaller/]: Registering Mod Info took 328.1 microseconds
[23Mar2026 13:17:33.372] [Render thread/INFO] [mezz.jei.library.load.PluginCaller/]: Registering categories...
[23Mar2026 13:17:33.399] [Render thread/INFO] [mezz.jei.library.load.PluginCallerTimerRunnable/]: Registering categories: jei:minecraft took 27.20 milliseconds
[23Mar2026 13:17:33.413] [Render thread/INFO] [mezz.jei.library.load.PluginCaller/]: Registering categories took 42.94 milliseconds
[23Mar2026 13:17:33.416] [Render thread/INFO] [mezz.jei.library.load.PluginCaller/]: Registering vanilla category extensions...
[23Mar2026 13:17:33.423] [Render thread/INFO] [mezz.jei.library.load.PluginCaller/]: Registering vanilla category extensions took 6.248 milliseconds
[23Mar2026 13:17:33.424] [Render thread/INFO] [mezz.jei.library.load.PluginCaller/]: Registering recipe catalysts...
[23Mar2026 13:17:33.425] [Render thread/INFO] [mezz.jei.library.load.PluginCaller/]: Registering recipe catalysts took 635.6 microseconds
[23Mar2026 13:17:33.425] [Render thread/INFO] [mezz.jei.core.util.LoggedTimer/]: Building recipe registry...
[23Mar2026 13:17:33.446] [Render thread/INFO] [mezz.jei.core.util.LoggedTimer/]: Building recipe registry took 20.85 milliseconds
[23Mar2026 13:17:33.448] [Render thread/INFO] [mezz.jei.library.load.PluginCaller/]: Registering advanced plugins...
[23Mar2026 13:17:33.448] [Render thread/INFO] [mezz.jei.library.load.PluginCaller/]: Registering advanced plugins took 351.6 microseconds
[23Mar2026 13:17:33.449] [Render thread/INFO] [mezz.jei.library.load.PluginCaller/]: Registering recipes...
[23Mar2026 13:17:33.605] [Render thread/INFO] [mezz.jei.library.load.PluginCallerTimerRunnable/]: Registering recipes: jei:minecraft took 154.2 milliseconds
[23Mar2026 13:17:33.620] [Render thread/INFO] [mezz.jei.library.load.PluginCallerTimerRunnable/]: Registering recipes: botanypots:jei_plugin took 14.35 milliseconds
[23Mar2026 13:17:33.637] [Render thread/INFO] [mezz.jei.library.load.PluginCallerTimerRunnable/]: Registering recipes: jei:internal took 16.85 milliseconds
[23Mar2026 13:17:33.637] [Render thread/INFO] [mezz.jei.library.load.PluginCaller/]: Registering recipes took 186.3 milliseconds
[23Mar2026 13:17:33.645] [Render thread/INFO] [mezz.jei.library.load.PluginCaller/]: Registering recipes transfer handlers...
[23Mar2026 13:17:33.648] [Render thread/INFO] [mezz.jei.library.load.PluginCaller/]: Registering recipes transfer handlers took 3.107 milliseconds
[23Mar2026 13:17:33.654] [Render thread/INFO] [mezz.jei.core.util.LoggedTimer/]: Building runtime...
[23Mar2026 13:17:33.678] [Render thread/INFO] [mezz.jei.library.load.PluginCaller/]: Registering gui handlers...
[23Mar2026 13:17:33.691] [Render thread/INFO] [mezz.jei.library.load.PluginCaller/]: Registering gui handlers took 13.01 milliseconds
[23Mar2026 13:17:33.698] [Render thread/INFO] [mezz.jei.library.load.PluginCaller/]: Registering Runtime...
[23Mar2026 13:17:33.700] [Render thread/INFO] [mezz.jei.gui.startup.JeiGuiStarter/]: Starting JEI GUI
[23Mar2026 13:17:33.701] [Render thread/INFO] [mezz.jei.core.util.LoggedTimer/]: Building ingredient list...
[23Mar2026 13:17:33.719] [Render thread/INFO] [mezz.jei.core.util.LoggedTimer/]: Building ingredient list took 18.38 milliseconds
[23Mar2026 13:17:33.719] [Render thread/INFO] [mezz.jei.core.util.LoggedTimer/]: Building ingredient filter...
[23Mar2026 13:17:33.774] [Render thread/INFO] [mezz.jei.gui.ingredients.IngredientFilter/]: Adding 1872 ingredients
[23Mar2026 13:17:33.874] [Render thread/INFO] [mezz.jei.gui.ingredients.IngredientFilter/]: Added 1872 ingredients
[23Mar2026 13:17:33.876] [Render thread/INFO] [mezz.jei.core.util.LoggedTimer/]: Building ingredient filter took 156.8 milliseconds
[23Mar2026 13:17:33.977] [Render thread/INFO] [mezz.jei.library.load.PluginCallerTimerRunnable/]: Registering Runtime: jei:neoforge_gui took 278.9 milliseconds
[23Mar2026 13:17:33.977] [Render thread/INFO] [mezz.jei.library.load.PluginCaller/]: Registering Runtime took 279.4 milliseconds
[23Mar2026 13:17:33.978] [Render thread/INFO] [mezz.jei.core.util.LoggedTimer/]: Building runtime took 322.8 milliseconds
[23Mar2026 13:17:33.978] [Render thread/INFO] [mezz.jei.library.load.PluginCaller/]: Sending Runtime...
[23Mar2026 13:17:33.979] [Render thread/INFO] [mezz.jei.library.load.PluginCaller/]: Sending Runtime took 262.9 microseconds
[23Mar2026 13:17:33.979] [Render thread/INFO] [mezz.jei.core.util.LoggedTimer/]: Starting JEI took 809.8 milliseconds
[23Mar2026 13:17:33.989] [Render thread/INFO] [net.minecraft.advancements.AdvancementTree/]: Loaded 2 advancements
[23Mar2026 13:18:17.147] [Render thread/INFO] [BotanyPots/]: Built Client botanypots:soil cache in 6.5614ms. 51 / 51 entries cached.
[23Mar2026 13:18:17.178] [Render thread/INFO] [BotanyPots/]: Built Client botanypots:crop cache in 2.174ms. 81 / 81 entries cached.
[23Mar2026 13:18:55.449] [Server thread/INFO] [net.minecraft.client.server.IntegratedServer/]: Saving and pausing game...
[23Mar2026 13:18:55.461] [Server thread/INFO] [net.minecraft.server.MinecraftServer/]: Saving chunks for level 'ServerLevel[Testing]'/minecraft:overworld
[23Mar2026 13:18:55.464] [Server thread/INFO] [net.minecraft.server.MinecraftServer/]: Saving chunks for level 'ServerLevel[Testing]'/minecraft:the_nether
[23Mar2026 13:18:55.464] [Server thread/INFO] [net.minecraft.server.MinecraftServer/]: Saving chunks for level 'ServerLevel[Testing]'/minecraft:the_end
[23Mar2026 13:18:55.983] [Render thread/INFO] [mezz.jei.library.startup.JeiStarter/]: Stopping JEI
[23Mar2026 13:18:55.983] [Render thread/INFO] [mezz.jei.library.load.PluginCaller/]: Sending Runtime Unavailable...
[23Mar2026 13:18:55.983] [Render thread/INFO] [mezz.jei.neoforge.plugins.neoforge.NeoForgeGuiPlugin/]: Stopping JEI GUI
[23Mar2026 13:18:55.985] [Render thread/INFO] [mezz.jei.library.load.PluginCaller/]: Sending Runtime Unavailable took 1.189 milliseconds
[23Mar2026 13:18:56.000] [Server thread/INFO] [net.minecraft.server.network.ServerGamePacketListenerImpl/]: Dev lost connection: Disconnected
[23Mar2026 13:18:56.000] [Server thread/INFO] [net.minecraft.server.MinecraftServer/]: Dev left the game
[23Mar2026 13:18:56.014] [Server thread/INFO] [net.minecraft.server.network.ServerCommonPacketListenerImpl/]: Stopping singleplayer server as player logged out
[23Mar2026 13:18:56.058] [Server thread/INFO] [net.minecraft.server.MinecraftServer/]: Stopping server
[23Mar2026 13:18:56.059] [Server thread/INFO] [net.minecraft.server.MinecraftServer/]: Saving players
[23Mar2026 13:18:56.059] [Server thread/INFO] [net.minecraft.server.MinecraftServer/]: Saving worlds
[23Mar2026 13:18:56.767] [Server thread/INFO] [net.minecraft.server.MinecraftServer/]: Saving chunks for level 'ServerLevel[Testing]'/minecraft:overworld
[23Mar2026 13:18:56.790] [Server thread/INFO] [net.minecraft.server.MinecraftServer/]: Saving chunks for level 'ServerLevel[Testing]'/minecraft:the_nether
[23Mar2026 13:18:56.795] [Server thread/INFO] [net.minecraft.server.MinecraftServer/]: Saving chunks for level 'ServerLevel[Testing]'/minecraft:the_end
[23Mar2026 13:18:56.804] [Server thread/INFO] [net.minecraft.server.MinecraftServer/]: ThreadedAnvilChunkStorage (Testing): All chunks are saved
[23Mar2026 13:18:56.805] [Server thread/INFO] [net.minecraft.server.MinecraftServer/]: ThreadedAnvilChunkStorage (DIM-1): All chunks are saved
[23Mar2026 13:18:56.805] [Server thread/INFO] [net.minecraft.server.MinecraftServer/]: ThreadedAnvilChunkStorage (DIM1): All chunks are saved
[23Mar2026 13:18:56.805] [Server thread/INFO] [net.minecraft.server.MinecraftServer/]: ThreadedAnvilChunkStorage: All dimensions are saved
[23Mar2026 13:18:57.930] [Render thread/INFO] [net.minecraft.client.Minecraft/]: Stopping!
